2023-12-07 10:18:08,456 - INFO     [prepare-commit-msg] - Reading commit message file
2023-12-07 10:18:08,456 - INFO     [prepare-commit-msg] - Prepare commit message
2023-12-07 10:18:08,457 - DEBUG    [prepare-commit-msg] - Content to prepare:
[]
2023-12-07 10:18:08,457 - ERROR    [prepare-commit-msg] - Content is empty!
2024-02-05 10:14:22,311 - INFO     [prepare-commit-msg] - Reading commit message file
2024-02-05 10:14:22,311 - INFO     [prepare-commit-msg] - Prepare commit message
2024-02-05 10:14:22,311 - DEBUG    [prepare-commit-msg] - Content to prepare:
['Install npm packages']
2024-02-05 10:14:22,311 - INFO     [prepare-commit-msg] - Commit message with subject only
2024-02-05 10:14:22,358 - WARNING  [prepare-commit-msg] - Missing valid prefix in branch name. Commit type is set to: chore
2024-02-05 10:14:22,373 - DEBUG    [prepare-commit-msg] - Missing commit type in subject line
2024-02-05 10:14:22,373 - INFO     [prepare-commit-msg] - Adding commit type to subject line: chore
2024-02-05 10:14:22,373 - DEBUG    [prepare-commit-msg] - Commit message with added commit type:
['chore: Install npm packages']
2024-02-05 10:14:22,373 - INFO     [prepare-commit-msg] - Missing issue-ID in branch name.
2024-02-05 10:14:22,373 - INFO     [prepare-commit-msg] - Writing commit message file
2024-02-05 10:14:22,373 - DEBUG    [prepare-commit-msg] - Updated commit message:
chore: Install npm packages
2024-02-05 10:14:22,530 - DEBUG    [commit-msg] - Content without comments:
chore: Install npm packages
2024-02-05 10:14:22,530 - INFO     [commit-msg] - Commit message contains subject only
2024-02-05 10:14:22,530 - WARNING  [commit-msg] - Issue-ID is optional, but useful for PM tools
2024-02-05 10:14:22,530 - INFO     [commit-msg] - Subject's format is valid
2024-02-05 10:14:22,530 - INFO     [commit-msg] - Commit type is valid
2024-02-05 10:14:22,530 - INFO     [commit-msg] - Commit message is valid
2024-02-05 14:10:51,221 - INFO     [prepare-commit-msg] - Reading commit message file
2024-02-05 14:10:51,222 - INFO     [prepare-commit-msg] - Prepare commit message
2024-02-05 14:10:51,222 - DEBUG    [prepare-commit-msg] - Content to prepare:
['Create scrollbutton']
2024-02-05 14:10:51,222 - INFO     [prepare-commit-msg] - Commit message with subject only
2024-02-05 14:10:51,276 - WARNING  [prepare-commit-msg] - Missing valid prefix in branch name. Commit type is set to: chore
2024-02-05 14:10:51,277 - DEBUG    [prepare-commit-msg] - Missing commit type in subject line
2024-02-05 14:10:51,277 - INFO     [prepare-commit-msg] - Adding commit type to subject line: chore
2024-02-05 14:10:51,277 - DEBUG    [prepare-commit-msg] - Commit message with added commit type:
['chore: Create scrollbutton']
2024-02-05 14:10:51,277 - INFO     [prepare-commit-msg] - Missing issue-ID in branch name.
2024-02-05 14:10:51,278 - INFO     [prepare-commit-msg] - Writing commit message file
2024-02-05 14:10:51,278 - DEBUG    [prepare-commit-msg] - Updated commit message:
chore: Create scrollbutton
2024-02-05 14:10:51,457 - DEBUG    [commit-msg] - Content without comments:
chore: Create scrollbutton
2024-02-05 14:10:51,457 - INFO     [commit-msg] - Commit message contains subject only
2024-02-05 14:10:51,457 - WARNING  [commit-msg] - Issue-ID is optional, but useful for PM tools
2024-02-05 14:10:51,458 - INFO     [commit-msg] - Subject's format is valid
2024-02-05 14:10:51,458 - INFO     [commit-msg] - Commit type is valid
2024-02-05 14:10:51,458 - INFO     [commit-msg] - Commit message is valid
2024-02-05 15:29:52,777 - INFO     [prepare-commit-msg] - Reading commit message file
2024-02-05 15:29:52,778 - INFO     [prepare-commit-msg] - Prepare commit message
2024-02-05 15:29:52,778 - DEBUG    [prepare-commit-msg] - Content to prepare:
['Create contact component']
2024-02-05 15:29:52,778 - INFO     [prepare-commit-msg] - Commit message with subject only
2024-02-05 15:29:52,833 - WARNING  [prepare-commit-msg] - Missing valid prefix in branch name. Commit type is set to: chore
2024-02-05 15:29:52,834 - DEBUG    [prepare-commit-msg] - Missing commit type in subject line
2024-02-05 15:29:52,835 - INFO     [prepare-commit-msg] - Adding commit type to subject line: chore
2024-02-05 15:29:52,835 - DEBUG    [prepare-commit-msg] - Commit message with added commit type:
['chore: Create contact component']
2024-02-05 15:29:52,835 - INFO     [prepare-commit-msg] - Missing issue-ID in branch name.
2024-02-05 15:29:52,835 - INFO     [prepare-commit-msg] - Writing commit message file
2024-02-05 15:29:52,836 - DEBUG    [prepare-commit-msg] - Updated commit message:
chore: Create contact component
2024-02-05 15:29:52,993 - DEBUG    [commit-msg] - Content without comments:
chore: Create contact component
2024-02-05 15:29:52,993 - INFO     [commit-msg] - Commit message contains subject only
2024-02-05 15:29:52,993 - WARNING  [commit-msg] - Issue-ID is optional, but useful for PM tools
2024-02-05 15:29:52,993 - INFO     [commit-msg] - Subject's format is valid
2024-02-05 15:29:52,994 - INFO     [commit-msg] - Commit type is valid
2024-02-05 15:29:52,994 - INFO     [commit-msg] - Commit message is valid
